<?xml version="1.0" encoding="UTF-8"?>
<!-- Generated by org.testng.reporters.JUnitXMLReporter -->
<testsuite hostname="YCSPC009" name="qa.config" tests="4" failures="0" timestamp="5 Aug 2020 08:08:17 GMT" time="0.036" errors="0">
  <testcase name="restatTomcatService" time="0.011" classname="com.qa.config.TestDependenceDemo"/>
  <testcase name="shutDownApp" time="0.001" classname="com.qa.config.TestDependenceDemo"/>
  <testcase name="startAppService" time="0.001" classname="com.qa.config.TestDependenceDemo"/>
  <testcase name="tomcatServiceIsDown" time="0.001" classname="com.qa.config.TestDependenceDemo"/>
</testsuite> <!-- qa.config -->
