<?xml version="1.0" encoding="UTF-8"?>
<!-- Generated by org.testng.reporters.JUnitXMLReporter -->
<testsuite hostname="YCSPC009" name="Testng_learn" tests="11" failures="0" timestamp="17 Sep 2020 02:47:25 GMT" time="8.715" errors="0">
  <testcase name="loginTest" time="3.558" classname="com.qa.tests.CountryTests"/>
  <testcase name="getUserTest" time="0.587" classname="com.qa.tests.CountryTests"/>
  <testcase name="getUserTest" time="0.566" classname="com.qa.tests.CountryTests"/>
  <testcase name="getUserTest" time="0.432" classname="com.qa.tests.CountryTests"/>
  <testcase name="getUserTest" time="0.506" classname="com.qa.tests.CountryTests"/>
  <testcase name="getUserTest" time="0.481" classname="com.qa.tests.CountryTests"/>
  <testcase name="getUserTest" time="0.546" classname="com.qa.tests.CountryTests"/>
  <testcase name="getUserTest" time="0.505" classname="com.qa.tests.CountryTests"/>
  <testcase name="getUserTest" time="0.555" classname="com.qa.tests.CountryTests"/>
  <testcase name="getUserTest" time="0.524" classname="com.qa.tests.CountryTests"/>
  <testcase name="getUserTest" time="0.426" classname="com.qa.tests.CountryTests"/>
</testsuite> <!-- Testng_learn -->
