<?xml version="1.0" encoding="UTF-8"?>
<!-- Generated by org.testng.reporters.JUnitXMLReporter -->
<testsuite hostname="YCSPC009" ignored="1" name="Testng_learn" tests="2" failures="0" timestamp="10 九月 2020 08:00:32 GMT" time="4.679" errors="0">
  <testcase name="loginTest" time="4.332" classname="com.qa.tests.CountryTests"/>
  <testcase name="getUserTest" time="0.325" classname="com.qa.tests.CountryTests"/>
  <testcase name="modifyUser" time="0.0" classname="com.qa.tests.CountryTests">
    <ignored/>
  </testcase> <!-- modifyUser -->
</testsuite> <!-- Testng_learn -->
