<?xml version="1.0" encoding="UTF-8"?>
<testng-results skipped="0" failed="0" total="2" passed="2">
  <reporter-output>
  </reporter-output>
  <suite name="Default Suite" duration-ms="19568" started-at="2020-12-02T12:46:03Z" finished-at="2020-12-02T12:46:23Z">
    <groups>
      <group name="user_get">
        <method signature="CountryTest.getUserTest()[pri:0, instance:com.qa.test.CountryTest@79b4d0f]" name="getUserTest" class="com.qa.test.CountryTest"/>
      </group> <!-- user_get -->
      <group name="user_post">
        <method signature="CountryTest.loginTest()[pri:0, instance:com.qa.test.CountryTest@79b4d0f]" name="loginTest" class="com.qa.test.CountryTest"/>
      </group> <!-- user_post -->
    </groups>
    <test name="Testng_learn" duration-ms="19568" started-at="2020-12-02T12:46:03Z" finished-at="2020-12-02T12:46:23Z">
      <class name="com.qa.test.CountryTest">
        <test-method status="PASS" signature="setUp()[pri:0, instance:com.qa.test.CountryTest@79b4d0f]" name="setUp" is-config="true" duration-ms="9" started-at="2020-12-02T20:46:03Z" finished-at="2020-12-02T20:46:03Z">
          <reporter-output>
          </reporter-output>
        </test-method> <!-- setUp -->
        <test-method status="PASS" signature="loginTest()[pri:0, instance:com.qa.test.CountryTest@79b4d0f]" name="loginTest" duration-ms="6956" started-at="2020-12-02T20:46:03Z" finished-at="2020-12-02T20:46:10Z">
          <reporter-output>
          </reporter-output>
        </test-method> <!-- loginTest -->
        <test-method status="PASS" signature="getUserTest()[pri:0, instance:com.qa.test.CountryTest@79b4d0f]" name="getUserTest" duration-ms="12593" depends-on-groups="user_post, user_post" started-at="2020-12-02T20:46:10Z" finished-at="2020-12-02T20:46:23Z">
          <reporter-output>
          </reporter-output>
        </test-method> <!-- getUserTest -->
        <test-method status="PASS" signature="loginOut()[pri:0, instance:com.qa.test.CountryTest@79b4d0f]" name="loginOut" is-config="true" duration-ms="0" started-at="2020-12-02T20:46:23Z" finished-at="2020-12-02T20:46:23Z">
          <reporter-output>
          </reporter-output>
        </test-method> <!-- loginOut -->
      </class> <!-- com.qa.test.CountryTest -->
    </test> <!-- Testng_learn -->
  </suite> <!-- Default Suite -->
</testng-results>
