<?xml version="1.0" encoding="UTF-8"?>
<testng-results skipped="0" failed="0" total="1" passed="1">
  <reporter-output>
  </reporter-output>
  <suite name="Default Suite" duration-ms="43082" started-at="2020-09-28T06:07:16Z" finished-at="2020-09-28T06:07:59Z">
    <groups>
      <group name="user_post">
        <method signature="CountryTest.loginTest()[pri:0, instance:com.qa.test.CountryTest@3fb6a447]" name="loginTest" class="com.qa.test.CountryTest"/>
      </group> <!-- user_post -->
    </groups>
    <test name="Testng_learn" duration-ms="43082" started-at="2020-09-28T06:07:16Z" finished-at="2020-09-28T06:07:59Z">
      <class name="com.qa.test.CountryTest">
        <test-method status="PASS" signature="setUp()[pri:0, instance:com.qa.test.CountryTest@3fb6a447]" name="setUp" is-config="true" duration-ms="5" started-at="2020-09-28T14:07:16Z" finished-at="2020-09-28T14:07:16Z">
          <reporter-output>
          </reporter-output>
        </test-method> <!-- setUp -->
        <test-method status="PASS" signature="loginTest()[pri:0, instance:com.qa.test.CountryTest@3fb6a447]" name="loginTest" duration-ms="43068" started-at="2020-09-28T14:07:16Z" finished-at="2020-09-28T14:07:59Z">
          <reporter-output>
          </reporter-output>
        </test-method> <!-- loginTest -->
      </class> <!-- com.qa.test.CountryTest -->
    </test> <!-- Testng_learn -->
  </suite> <!-- Default Suite -->
</testng-results>
